<?xml version="1.0" encoding="UTF-8"?>
<testsuite xmlns:xsi="http://www.w3.org/2001/XMLSchema-instance" xsi:noNamespaceSchemaLocation="https://maven.apache.org/surefire/maven-surefire-plugin/xsd/surefire-test-report-3.0.xsd" version="3.0" name="com.example.demo.Demo124ApplicationTests" time="10" tests="1" errors="0" skipped="0" failures="0">
  <properties>
[...]
</properties>
  <testcase name="contextLoads" classname="com.example.demo.Demo124ApplicationTests" time="1.052">
    <system-out><![CDATA[11:26:37.159 [main] INFO org.springframework.test.context.support.AnnotationConfigContextLoaderUtils -- Could not detect default configuration classes for test class [com.example.demo.Demo124ApplicationTests]: Demo124ApplicationTests does not declare any static, non-private, non-final, nested classes annotated with @Configuration.
11:26:37.332 [main] INFO org.springframework.boot.test.context.SpringBootTestContextBootstrapper -- Found @SpringBootConfiguration com.example.demo.Demo124Application for test class com.example.demo.Demo124ApplicationTests

  .   ____          _            __ _ _
 /\\ / ___'_ __ _ _(_)_ __  __ _ \ \ \ \
( ( )\___ | '_ | '_| | '_ \/ _` | \ \ \ \
 \\/  ___)| |_)| | | | | || (_| |  ) ) ) )
  '  |____| .__|_| |_|_| |_\__, | / / / /
 =========|_|==============|___/=/_/_/_/
 :: Spring Boot ::                (v3.1.4)

2023-12-27T11:26:38.056+05:30  INFO 10580 --- [           main] c.example.demo.Demo124ApplicationTests   : Starting Demo124ApplicationTests using Java 17.0.6 with PID 10580 (started by Madar in C:\Users\Madar\Documents\workspace-spring-tool-suite-4-4.18.0.RELEASE\Demo124)
2023-12-27T11:26:38.058+05:30  INFO 10580 --- [           main] c.example.demo.Demo124ApplicationTests   : No active profile set, falling back to 1 default profile: "default"
2023-12-27T11:26:39.355+05:30  INFO 10580 --- [           main] .s.d.r.c.RepositoryConfigurationDelegate : Bootstrapping Spring Data JPA repositories in DEFAULT mode.
2023-12-27T11:26:39.462+05:30  INFO 10580 --- [           main] .s.d.r.c.RepositoryConfigurationDelegate : Finished Spring Data repository scanning in 92 ms. Found 1 JPA repository interfaces.
2023-12-27T11:26:40.243+05:30  INFO 10580 --- [           main] o.hibernate.jpa.internal.util.LogHelper  : HHH000204: Processing PersistenceUnitInfo [name: default]
2023-12-27T11:26:40.341+05:30  INFO 10580 --- [           main] org.hibernate.Version                    : HHH000412: Hibernate ORM core version 6.2.9.Final
2023-12-27T11:26:40.347+05:30  INFO 10580 --- [           main] org.hibernate.cfg.Environment            : HHH000406: Using bytecode reflection optimizer
2023-12-27T11:26:40.718+05:30  INFO 10580 --- [           main] o.h.b.i.BytecodeProviderInitiator        : HHH000021: Bytecode provider name : bytebuddy
2023-12-27T11:26:40.970+05:30  INFO 10580 --- [           main] o.s.o.j.p.SpringPersistenceUnitInfo      : No LoadTimeWeaver setup: ignoring JPA class transformer
2023-12-27T11:26:40.997+05:30  INFO 10580 --- [           main] com.zaxxer.hikari.HikariDataSource       : HikariPool-1 - Starting...
2023-12-27T11:26:41.502+05:30  INFO 10580 --- [           main] com.zaxxer.hikari.pool.HikariPool        : HikariPool-1 - Added connection org.postgresql.jdbc.PgConnection@6ef1c3f7
2023-12-27T11:26:41.505+05:30  INFO 10580 --- [           main] com.zaxxer.hikari.HikariDataSource       : HikariPool-1 - Start completed.
2023-12-27T11:26:41.944+05:30  INFO 10580 --- [           main] o.h.b.i.BytecodeProviderInitiator        : HHH000021: Bytecode provider name : bytebuddy
2023-12-27T11:26:43.011+05:30  INFO 10580 --- [           main] o.h.e.t.j.p.i.JtaPlatformInitiator       : HHH000490: Using JtaPlatform implementation: [org.hibernate.engine.transaction.jta.platform.internal.NoJtaPlatform]
2023-12-27T11:26:43.072+05:30  INFO 10580 --- [           main] j.LocalContainerEntityManagerFactoryBean : Initialized JPA EntityManagerFactory for persistence unit 'default'
2023-12-27T11:26:43.918+05:30  WARN 10580 --- [           main] JpaBaseConfiguration$JpaWebConfiguration : spring.jpa.open-in-view is enabled by default. Therefore, database queries may be performed during view rendering. Explicitly configure spring.jpa.open-in-view to disable this warning
2023-12-27T11:26:45.768+05:30  INFO 10580 --- [           main] c.example.demo.Demo124ApplicationTests   : Started Demo124ApplicationTests in 8.158 seconds (process running for 9.914)
]]></system-out>
  </testcase>
</testsuite>